<?xml version="1.0" encoding="UTF-8"?>
<!-- Generated by org.testng.reporters.JUnitReportReporter -->
<testsuite hostname="DESKTOP-G2MTNA5" failures="0" tests="1" name="testpackage.Fbvalidation" time="13.158" errors="0" timestamp="2024-04-16T10:45:44 GST" skipped="0">
  <testcase classname="testpackage.Fbvalidation" name="setvalues" time="13.158"/>
</testsuite> <!-- testpackage.Fbvalidation -->
