<?xml version="1.0" encoding="UTF-8"?>
<!-- Generated by org.testng.reporters.JUnitReportReporter -->
<testsuite hostname="DESKTOP-G2MTNA5" failures="0" tests="3" name="testpackage.Janasyatest$Demosite" time="15.448" errors="0" timestamp="2024-04-15T10:16:06 GST" skipped="0">
  <testcase classname="testpackage.Janasyatest$Demosite" name="test2" time="8.286"/>
  <testcase classname="testpackage.Janasyatest$Demosite" name="test" time="4.220"/>
  <testcase classname="testpackage.Janasyatest$Demosite" name="test1" time="2.942"/>
</testsuite> <!-- testpackage.Janasyatest$Demosite -->
