<?xml version="1.0" encoding="UTF-8"?>
<!-- Generated by org.testng.reporters.JUnitReportReporter -->
<testsuite hostname="DESKTOP-G2MTNA5" failures="0" tests="1" name="testpackage.Robotfileupload" time="11.426" errors="0" timestamp="2024-04-17T10:25:47 GST" skipped="0">
  <testcase classname="testpackage.Robotfileupload" name="robotfileuploads" time="11.426"/>
</testsuite> <!-- testpackage.Robotfileupload -->
