<?xml version="1.0" encoding="UTF-8"?>
<!-- Generated by org.testng.reporters.JUnitReportReporter -->
<testsuite hostname="DESKTOP-G2MTNA5" failures="0" tests="1" name="testpackage.Fileupload" time="0.615" errors="0" timestamp="2024-04-17T10:29:42 GST" skipped="0">
  <testcase classname="testpackage.Fileupload" name="test" time="0.615"/>
</testsuite> <!-- testpackage.Fileupload -->
