<?xml version="1.0" encoding="UTF-8"?>
<!-- Generated by org.testng.reporters.JUnitReportReporter -->
<testsuite hostname="DESKTOP-G2MTNA5" failures="0" tests="1" name="testpackage.Demosite" time="0.773" errors="0" timestamp="2024-04-11T10:58:29 GST" skipped="0">
  <testcase classname="testpackage.Demosite" name="test" time="0.773"/>
</testsuite> <!-- testpackage.Demosite -->
