<?xml version="1.0" encoding="UTF-8"?>
<!-- Generated by org.testng.reporters.JUnitReportReporter -->
<testsuite hostname="DESKTOP-G2MTNA5" failures="0" tests="1" name="testpackage.Datadriven" time="8.245" errors="0" timestamp="2024-04-19T11:03:03 GST" skipped="0">
  <testcase classname="testpackage.Datadriven" name="test" time="8.245"/>
</testsuite> <!-- testpackage.Datadriven -->
