<?xml version="1.0" encoding="UTF-8"?>
<!-- Generated by org.testng.reporters.JUnitReportReporter -->
<testsuite hostname="DESKTOP-G2MTNA5" failures="0" tests="1" name="testpackage.Copyreddiff" time="0.736" errors="0" timestamp="2024-04-11T10:22:04 GST" skipped="0">
  <testcase classname="testpackage.Copyreddiff" name="test" time="0.736"/>
</testsuite> <!-- testpackage.Copyreddiff -->
