<?xml version="1.0" encoding="UTF-8"?>
<!-- Generated by org.testng.reporters.JUnitReportReporter -->
<testsuite hostname="DESKTOP-G2MTNA5" failures="0" tests="3" name="testpackage.Testdemo" time="0.111" errors="0" timestamp="2024-04-09T10:17:36 GST" skipped="0">
  <testcase classname="testpackage.Testdemo" name="test3" time="0.078"/>
  <testcase classname="testpackage.Testdemo" name="test2" time="0.011"/>
  <testcase classname="testpackage.Testdemo" name="test1" time="0.022"/>
</testsuite> <!-- testpackage.Testdemo -->
