<?xml version="1.0" encoding="UTF-8"?>
<!-- Generated by org.testng.reporters.JUnitReportReporter -->
<testsuite hostname="DESKTOP-G2MTNA5" failures="0" tests="1" name="testpackage.Notifblock" time="7.388" errors="0" timestamp="2024-04-18T10:58:47 GST" skipped="0">
  <testcase classname="testpackage.Notifblock" name="test" time="7.388"/>
</testsuite> <!-- testpackage.Notifblock -->
