<?xml version="1.0" encoding="UTF-8"?>
<!-- Generated by org.testng.reporters.JUnitReportReporter -->
<testsuite hostname="DESKTOP-G2MTNA5" failures="0" tests="1" name="testpackage.Assert" time="0.024" errors="0" timestamp="2024-04-23T09:24:58 GST" skipped="0">
  <testcase classname="testpackage.Assert" name="test" time="0.024"/>
</testsuite> <!-- testpackage.Assert -->
