<?xml version="1.0" encoding="UTF-8"?>
<!-- Generated by org.testng.reporters.JUnitReportReporter -->
<testsuite hostname="DESKTOP-G2MTNA5" failures="0" tests="3" name="testpackage.CrossbrowserTest" time="11.816" errors="0" timestamp="2024-04-09T10:56:24 GST" skipped="0">
  <testcase classname="testpackage.CrossbrowserTest" name="test" time="6.600"/>
  <testcase classname="testpackage.CrossbrowserTest" name="test" time="2.040"/>
  <testcase classname="testpackage.CrossbrowserTest" name="test" time="3.176"/>
</testsuite> <!-- testpackage.CrossbrowserTest -->
